<?xml version="1.0" encoding="UTF-8"?>
<testsuite xmlns:xsi="http://www.w3.org/2001/XMLSchema-instance" xsi:noNamespaceSchemaLocation="https://maven.apache.org/surefire/maven-surefire-plugin/xsd/surefire-test-report-3.0.xsd" version="3.0" name="com.YourAcademyMain.YourAcademyMainApplicationTests" time="11.764" tests="1" errors="0" skipped="0" failures="0">
  <properties>
[...]
</properties>
  <testcase name="contextLoads" classname="com.YourAcademyMain.YourAcademyMainApplicationTests" time="1.084">
    <system-out><![CDATA[15:18:12.763 [main] INFO org.springframework.test.context.support.AnnotationConfigContextLoaderUtils -- Could not detect default configuration classes for test class [com.YourAcademyMain.YourAcademyMainApplicationTests]: YourAcademyMainApplicationTests does not declare any static, non-private, non-final, nested classes annotated with @Configuration.
15:18:13.006 [main] INFO org.springframework.boot.test.context.SpringBootTestContextBootstrapper -- Found @SpringBootConfiguration com.YourAcademyMain.YourAcademyMainApplication for test class com.YourAcademyMain.YourAcademyMainApplicationTests
15:18:13.400 [main] INFO org.springframework.boot.devtools.restart.RestartApplicationListener -- Restart disabled due to context in which it is running

  .   ____          _            __ _ _
 /\\ / ___'_ __ _ _(_)_ __  __ _ \ \ \ \
( ( )\___ | '_ | '_| | '_ \/ _` | \ \ \ \
 \\/  ___)| |_)| | | | | || (_| |  ) ) ) )
  '  |____| .__|_| |_|_| |_\__, | / / / /
 =========|_|==============|___/=/_/_/_/
 :: Spring Boot ::                (v3.2.5)

2024-05-23T15:18:13.996+05:30  INFO 7616 --- [YourAcademy] [           main] c.Y.YourAcademyMainApplicationTests      : Starting YourAcademyMainApplicationTests using Java 21 with PID 7616 (started by aakas in C:\Users\aakas\STS\YourAcademy)
2024-05-23T15:18:14.000+05:30  INFO 7616 --- [YourAcademy] [           main] c.Y.YourAcademyMainApplicationTests      : The following 1 profile is active: "dev"
2024-05-23T15:18:15.583+05:30  INFO 7616 --- [YourAcademy] [           main] .s.d.r.c.RepositoryConfigurationDelegate : Bootstrapping Spring Data JPA repositories in DEFAULT mode.
2024-05-23T15:18:15.731+05:30  INFO 7616 --- [YourAcademy] [           main] .s.d.r.c.RepositoryConfigurationDelegate : Finished Spring Data repository scanning in 125 ms. Found 2 JPA repository interfaces.
2024-05-23T15:18:17.091+05:30  INFO 7616 --- [YourAcademy] [           main] o.hibernate.jpa.internal.util.LogHelper  : HHH000204: Processing PersistenceUnitInfo [name: default]
2024-05-23T15:18:17.257+05:30  INFO 7616 --- [YourAcademy] [           main] org.hibernate.Version                    : HHH000412: Hibernate ORM core version 6.4.4.Final
2024-05-23T15:18:17.367+05:30  INFO 7616 --- [YourAcademy] [           main] o.h.c.internal.RegionFactoryInitiator    : HHH000026: Second-level cache disabled
2024-05-23T15:18:18.024+05:30  INFO 7616 --- [YourAcademy] [           main] o.s.o.j.p.SpringPersistenceUnitInfo      : No LoadTimeWeaver setup: ignoring JPA class transformer
2024-05-23T15:18:18.100+05:30  INFO 7616 --- [YourAcademy] [           main] com.zaxxer.hikari.HikariDataSource       : HikariPool-1 - Starting...
2024-05-23T15:18:18.911+05:30  INFO 7616 --- [YourAcademy] [           main] com.zaxxer.hikari.pool.HikariPool        : HikariPool-1 - Added connection com.mysql.cj.jdbc.ConnectionImpl@657b3b
2024-05-23T15:18:18.916+05:30  INFO 7616 --- [YourAcademy] [           main] com.zaxxer.hikari.HikariDataSource       : HikariPool-1 - Start completed.
2024-05-23T15:18:20.866+05:30  INFO 7616 --- [YourAcademy] [           main] o.h.e.t.j.p.i.JtaPlatformInitiator       : HHH000489: No JTA platform available (set 'hibernate.transaction.jta.platform' to enable JTA platform integration)
2024-05-23T15:18:20.961+05:30  INFO 7616 --- [YourAcademy] [           main] j.LocalContainerEntityManagerFactoryBean : Initialized JPA EntityManagerFactory for persistence unit 'default'
2024-05-23T15:18:22.052+05:30  WARN 7616 --- [YourAcademy] [           main] JpaBaseConfiguration$JpaWebConfiguration : spring.jpa.open-in-view is enabled by default. Therefore, database queries may be performed during view rendering. Explicitly configure spring.jpa.open-in-view to disable this warning
2024-05-23T15:18:22.106+05:30  INFO 7616 --- [YourAcademy] [           main] o.s.b.a.w.s.WelcomePageHandlerMapping    : Adding welcome page template: index
2024-05-23T15:18:22.978+05:30  INFO 7616 --- [YourAcademy] [           main] c.Y.YourAcademyMainApplicationTests      : Started YourAcademyMainApplicationTests in 9.616 seconds (process running for 11.735)
]]></system-out>
    <system-err><![CDATA[WARNING: A Java agent has been loaded dynamically (C:\Users\aakas\.m2\repository\net\bytebuddy\byte-buddy-agent\1.14.13\byte-buddy-agent-1.14.13.jar)
WARNING: If a serviceability tool is in use, please run with -XX:+EnableDynamicAgentLoading to hide this warning
WARNING: If a serviceability tool is not in use, please run with -Djdk.instrument.traceUsage for more information
WARNING: Dynamic loading of agents will be disallowed by default in a future release
]]></system-err>
  </testcase>
</testsuite>